<?xml version="1.0" encoding="UTF-8"?>
<testsuite xmlns:xsi="http://www.w3.org/2001/XMLSchema-instance" xsi:noNamespaceSchemaLocation="https://maven.apache.org/surefire/maven-failsafe-plugin/xsd/failsafe-test-report.xsd" name="Car check" time="127.17" tests="4" errors="0" skipped="0" failures="3">
  <properties>
[...]
</properties>
  <testcase name="Read input file for Car registrations, obtain results from cartaxcheck.com" classname="Car check" time="37.379">
    <failure message="The search for registration number BW57BOW from inputfile found no results " type="java.lang.AssertionError">java.lang.AssertionError: The search for registration number BW57BOW from inputfile found no results 
</failure>
    <system-out><![CDATA[16:32:56.685 [pool-1-thread-1] INFO  i.c.core.plugin.SerenityReporter - Running feature from file:///C:/Users/devadath.tabeti/techTest/src/test/resources/features/freeCarCheck.feature
16:32:57.157 [pool-1-thread-1] INFO   - 

-------------------------------------------------------------------------------------
     _______. _______ .______       _______ .__   __.  __  .___________.____    ____ 
    /       ||   ____||   _  \     |   ____||  \ |  | |  | |           |\   \  /   / 
   |   (----`|  |__   |  |_)  |    |  |__   |   \|  | |  | `---|  |----` \   \/   /  
    \   \    |   __|  |      /     |   __|  |  . `  | |  |     |  |       \_    _/   
.----)   |   |  |____ |  |\  \----.|  |____ |  |\   | |  |     |  |         |  |     
|_______/    |_______|| _| `._____||_______||__| \__| |__|     |__|         |__|    
                                                                                     
 News and tutorials at http://www.serenity-bdd.info                                  
 Documentation at https://wakaleo.gitbooks.io/the-serenity-book/content/             
 Join the Serenity Community on Gitter: https://gitter.im/serenity-bdd/serenity-core 
 Serenity BDD Support and Training at http://serenity-bdd.info/#/trainingandsupport  
-------------------------------------------------------------------------------------

16:33:35.562 [pool-1-thread-1] ERROR  - 
  _____   ___   ___   _____     ___     _     ___   _      ___   ___  
 |_   _| | __| / __| |_   _|   | __|   /_\   |_ _| | |    | __| |   \ 
   | |   | _|  \__ \   | |     | _|   / _ \   | |  | |__  | _|  | |) |
   |_|   |___| |___/   |_|     |_|   /_/ \_\ |___| |____| |___| |___/ 

Read input file for Car registrations, obtain results from cartaxcheck.com
-----------------------------------------------------------------------
16:33:36.457 [pool-1-thread-1] ERROR  -     Test failed at step: And verify that search for all registrations from input file found vehicle data
16:33:36.458 [pool-1-thread-1] ERROR  -     The search for registration number BW57BOW from inputfile found no results
16:34:06.353 [pool-1-thread-1] ERROR  - 
  _____   ___   ___   _____     ___     _     ___   _      ___   ___  
 |_   _| | __| / __| |_   _|   | __|   /_\   |_ _| | |    | __| |   \ 
   | |   | _|  \__ \   | |     | _|   / _ \   | |  | |__  | _|  | |) |
   |_|   |___| |___/   |_|     |_|   /_/ \_\ |___| |____| |___| |___/ 

Read input file for Car registrations, obtain information from cartaxcheck.com and verify against the output file
-----------------------------------------------------------------------
16:34:06.354 [pool-1-thread-1] ERROR  -     Test failed at step: Then the vehicle data from cartaxcheck is verified against outputfile
16:34:06.354 [pool-1-thread-1] ERROR  -     No value present -- The registration BW57BOF found in output file but not found in the inputfile :
16:34:35.427 [pool-1-thread-1] ERROR  - 
  _____   ___   ___   _____     ___     _     ___   _      ___   ___  
 |_   _| | __| / __| |_   _|   | __|   /_\   |_ _| | |    | __| |   \ 
   | |   | _|  \__ \   | |     | _|   / _ \   | |  | |__  | _|  | |) |
   |_|   |___| |___/   |_|     |_|   /_/ \_\ |___| |____| |___| |___/ 

Read input file for Car registrations, obtain information from cartaxcheck.com and verify against the output file
-----------------------------------------------------------------------
16:34:35.428 [pool-1-thread-1] ERROR  -     Test failed at step: Then the vehicle data from cartaxcheck is verified against outputfile
16:34:35.428 [pool-1-thread-1] ERROR  -     No value present -- The registration BW57BOF found in output file but not found in the inputfile :

&amp#27;[31mFailed scenarios:&amp#27;[0m
file:///C:/Users/devadath.tabeti/techTest/src/test/resources/features/freeCarCheck.feature:9 # Read input file for Car registrations, obtain results from cartaxcheck.com
file:///C:/Users/devadath.tabeti/techTest/src/test/resources/features/freeCarCheck.feature:19 # Read input file for Car registrations, obtain information from cartaxcheck.com and verify against the output file
file:///C:/Users/devadath.tabeti/techTest/src/test/resources/features/freeCarCheck.feature:20 # Read input file for Car registrations, obtain information from cartaxcheck.com and verify against the output file

4 Scenarios (&amp#27;[31m3 failed&amp#27;[0m, &amp#27;[32m1 passed&amp#27;[0m)
15 Steps (&amp#27;[31m3 failed&amp#27;[0m, &amp#27;[32m12 passed&amp#27;[0m)
2m7.707s


java.lang.AssertionError: The search for registration number BW57BOW from inputfile found no results 
	at org.junit.Assert.fail(Assert.java:89)
	at org.junit.Assert.assertTrue(Assert.java:42)
	at org.junit.Assert.assertFalse(Assert.java:65)
	at com.techTest.page.CarTaxCheckPage.lambda$runAssertionForRegistrationSearchResults$1(CarTaxCheckPage.java:73)
	at java.base/java.util.HashMap.forEach(HashMap.java:1336)
	at com.techTest.page.CarTaxCheckPage.runAssertionForRegistrationSearchResults(CarTaxCheckPage.java:73)
	at com.techTest.steps.CarCheckStepdefs.verifyThatSearchForAllRegistrationsFromInputFileFoundVehicleData(CarCheckStepdefs.java:35)
	at ?.verify that search for all registrations from input file found vehicle data(file:///C:/Users/devadath.tabeti/techTest/src/test/resources/features/freeCarCheck.feature:6)

java.lang.AssertionError: No value present -- The registration BW57BOF found in output file but not found in the inputfile : 
	at org.junit.Assert.fail(Assert.java:89)
	at com.techTest.page.CarTaxCheckPage.runAssertionInputVsOutput(CarTaxCheckPage.java:101)
	at com.techTest.steps.CarCheckStepdefs.theVehicleDataFromCartaxcheckIsVerifiedAgainstOutputfile(CarCheckStepdefs.java:44)
	at ?.the vehicle data from cartaxcheck is verified against outputfile(file:///C:/Users/devadath.tabeti/techTest/src/test/resources/features/freeCarCheck.feature:16)

org.junit.ComparisonFailure: For registration BW57BOF from output file colour --  expected:<[black]> but was:<[red]>
	at org.junit.Assert.assertEquals(Assert.java:117)
	at com.techTest.page.CarTaxCheckPage.runAssertionInputVsOutput(CarTaxCheckPage.java:98)
	at com.techTest.steps.CarCheckStepdefs.theVehicleDataFromCartaxcheckIsVerifiedAgainstOutputfile(CarCheckStepdefs.java:44)
	at ?.the vehicle data from cartaxcheck is verified against outputfile(file:///C:/Users/devadath.tabeti/techTest/src/test/resources/features/freeCarCheck.feature:16)


16:35:04.597 [pool-1-thread-1] INFO  n.t.core.reports.ReportService - net.thucydides.core.reports.json.JSONTestOutcomeReporter@115c7ed7: Generating report for test outcome: Car check:Read input file for Car registrations, obtain results from cartaxcheck.com
16:35:04.597 [pool-1-thread-2] INFO  n.t.core.reports.ReportService - net.thucydides.core.reports.json.JSONTestOutcomeReporter@115c7ed7: Generating report for test outcome: Car check:Read input file for Car registrations, obtain information from cartaxcheck.com and verify against the output file
16:35:04.667 [pool-2-thread-2] INFO  n.t.core.reports.ReportService - net.thucydides.core.reports.html.HtmlAcceptanceTestReporter@4f5ec2b9: Generating report for test outcome: Car check:Read input file for Car registrations, obtain information from cartaxcheck.com and verify against the output file
16:35:04.666 [pool-2-thread-1] INFO  n.t.core.reports.ReportService - net.thucydides.core.reports.html.HtmlAcceptanceTestReporter@4f5ec2b9: Generating report for test outcome: Car check:Read input file for Car registrations, obtain results from cartaxcheck.com
16:35:06.795 [pool-1-thread-1] INFO  i.c.core.plugin.SerenityReporter - Cleanup test resources for URI file:///C:/Users/devadath.tabeti/techTest/src/test/resources/features/freeCarCheck.feature

Scenario Outline: Read input file for Car registrations, obtain results from cartaxcheck.com &amp#27;[90m# src/test/resources/features/freeCarCheck.feature:9&amp#27;[0m
16:32:57.449 [pool-1-thread-1] INFO  i.c.core.plugin.SerenityReporter - Running feature from file:///C:/Users/devadath.tabeti/techTest/src/test/resources/features/freeCarCheck.feature
  &amp#27;[32mGiven &amp#27;[0m&amp#27;[32mthe input file &amp#27;[0m&amp#27;[32m&amp#27;[1m"car_input1.txt"&amp#27;[0m&amp#27;[32m contains car registrations&amp#27;[0m                           &amp#27;[90m# com.techTest.steps.CarCheckStepdefs.theInputFileContainCarRegistrations(java.lang.String)&amp#27;[0m
16:32:58.173 [pool-1-thread-1] INFO  n.s.c.w.d.ChromeDriverProvider - Using automatically driver download
16:32:58.983 [pool-1-thread-1] INFO  i.g.bonigarcia.wdm.WebDriverManager - Using chromedriver 107.0.5304.62 (resolved driver for Chrome 107)
16:32:59.011 [pool-1-thread-1] INFO  i.g.bonigarcia.wdm.WebDriverManager - Exporting webdriver.chrome.driver as C:\Users\devadath.tabeti\.cache\selenium\chromedriver\win32\107.0.5304.62\chromedriver.exe
16:32:59.719 [pool-1-thread-1] INFO  n.s.c.w.d.ProvideNewDriver - Instantiating driver
16:32:59.726 [pool-1-thread-1] INFO  n.s.c.w.d.ProvideNewDriver - Driver capabilities: Capabilities {acceptInsecureCerts: false, browserName: chrome, chrome.switches: --no-sandbox,--disable-dev-..., goog:chromeOptions: {args: [--no-sandbox, --disable-dev-shm-usage, --start-maximized], extensions: []}, loggingPrefs: org.openqa.selenium.logging...}
********* data from search [{colour=black, year=2009, registered=15 jun 2009, registration=dn09hrm, model=320d se, v5c issue date=13 jul 2022, make=bmw}, {colour=, year=, registered=, registration=bw57bow, model=, v5c issue date=, make=}, {colour=white, year=2017, registered=20 jul 2017, registration=kt17dlx, model=superb sportline tdi s-a, v5c issue date=04 jan 2018, make=skoda}, {colour=white, year=2018, registered=19 mar 2018, registration=sg18htn, model=golf se navigation tsi evo, v5c issue date=23 sep 2021, make=volkswagen}]
  &amp#27;[32mWhen &amp#27;[0m&amp#27;[32mthe vehicle identities data are obtained from cartaxcheck&amp#27;[0m                             &amp#27;[90m# com.techTest.steps.CarCheckStepdefs.theVehicleIdentitiesAreObtainedFromCarTaxCheck()&amp#27;[0m
  &amp#27;[31mAnd &amp#27;[0m&amp#27;[31mverify that search for all registrations from input file found vehicle data&amp#27;[0m            &amp#27;[90m# com.techTest.steps.CarCheckStepdefs.verifyThatSearchForAllRegistrationsFromInputFileFoundVehicleData()&amp#27;[0m
      &amp#27;[31mjava.lang.AssertionError: The search for registration number BW57BOW from inputfile found no results 
	at org.junit.Assert.fail(Assert.java:89)
	at org.junit.Assert.assertTrue(Assert.java:42)
	at org.junit.Assert.assertFalse(Assert.java:65)
	at com.techTest.page.CarTaxCheckPage.lambda$runAssertionForRegistrationSearchResults$1(CarTaxCheckPage.java:73)
	at java.base/java.util.HashMap.forEach(HashMap.java:1336)
	at com.techTest.page.CarTaxCheckPage.runAssertionForRegistrationSearchResults(CarTaxCheckPage.java:73)
	at com.techTest.steps.CarCheckStepdefs.verifyThatSearchForAllRegistrationsFromInputFileFoundVehicleData(CarCheckStepdefs.java:35)
	at âœ½.verify that search for all registrations from input file found vehicle data(file:///C:/Users/devadath.tabeti/techTest/src/test/resources/features/freeCarCheck.feature:6)
&amp#27;[0m
]]></system-out>
    <system-err><![CDATA[Starting ChromeDriver 107.0.5304.62 (1eec40d3a5764881c92085aaee66d25075c159aa-refs/branch-heads/5304@{#942}) on port 42405
Only local connections are allowed.
Please see https://chromedriver.chromium.org/security-considerations for suggestions on keeping ChromeDriver safe.
ChromeDriver was started successfully.
Nov 06, 2022 4:33:05 PM org.openqa.selenium.remote.ProtocolHandshake createSession
INFO: Detected dialect: W3C
]]></system-err>
  </testcase>
  <testcase name="Read input file for Car registrations, obtain information from cartaxcheck.com and verify against the output file #1" classname="Car check" time="29.052">
    <failure message="No value present -- The registration BW57BOF found in output file but not found in the inputfile : " type="java.lang.AssertionError">java.lang.AssertionError: No value present -- The registration BW57BOF found in output file but not found in the inputfile : 
</failure>
    <system-out><![CDATA[
Scenario Outline: Read input file for Car registrations, obtain information from cartaxcheck.com and verify against the output file &amp#27;[90m# src/test/resources/features/freeCarCheck.feature:19&amp#27;[0m
16:33:36.472 [pool-1-thread-1] INFO  i.c.core.plugin.SerenityReporter - Running feature from file:///C:/Users/devadath.tabeti/techTest/src/test/resources/features/freeCarCheck.feature
  &amp#27;[32mGiven &amp#27;[0m&amp#27;[32mthe input file &amp#27;[0m&amp#27;[32m&amp#27;[1m"car_input1.txt"&amp#27;[0m&amp#27;[32m contains car registrations&amp#27;[0m                                                                  &amp#27;[90m# com.techTest.steps.CarCheckStepdefs.theInputFileContainCarRegistrations(java.lang.String)&amp#27;[0m
16:33:36.527 [pool-1-thread-1] INFO  n.s.c.w.d.ChromeDriverProvider - Using automatically driver download
16:33:36.561 [pool-1-thread-1] INFO  i.g.bonigarcia.wdm.WebDriverManager - Using chromedriver 107.0.5304.62 (resolved driver for Chrome 107)
16:33:36.580 [pool-1-thread-1] INFO  i.g.bonigarcia.wdm.WebDriverManager - Exporting webdriver.chrome.driver as C:\Users\devadath.tabeti\.cache\selenium\chromedriver\win32\107.0.5304.62\chromedriver.exe
16:33:36.892 [pool-1-thread-1] INFO  n.s.c.w.d.ProvideNewDriver - Instantiating driver
16:33:36.892 [pool-1-thread-1] INFO  n.s.c.w.d.ProvideNewDriver - Driver capabilities: Capabilities {acceptInsecureCerts: false, browserName: chrome, chrome.switches: --no-sandbox,--disable-dev-..., goog:chromeOptions: {args: [--no-sandbox, --disable-dev-shm-usage, --start-maximized], extensions: []}, loggingPrefs: org.openqa.selenium.logging...}
********* data from search [{colour=black, year=2009, registered=15 jun 2009, registration=dn09hrm, model=320d se, v5c issue date=13 jul 2022, make=bmw}, {colour=, year=, registered=, registration=bw57bow, model=, v5c issue date=, make=}, {colour=white, year=2017, registered=20 jul 2017, registration=kt17dlx, model=superb sportline tdi s-a, v5c issue date=04 jan 2018, make=skoda}, {colour=white, year=2018, registered=19 mar 2018, registration=sg18htn, model=golf se navigation tsi evo, v5c issue date=23 sep 2021, make=volkswagen}]
  &amp#27;[32mWhen &amp#27;[0m&amp#27;[32mthe vehicle identities data are obtained from cartaxcheck&amp#27;[0m                                                                    &amp#27;[90m# com.techTest.steps.CarCheckStepdefs.theVehicleIdentitiesAreObtainedFromCarTaxCheck()&amp#27;[0m
********* data from output file [{colour=white, year=2018, registration=sg18htn, model=golf se navigation tsi evo, make=volkswagen}, {colour=black, year=2009, registration=dn09hrm, model=320d se, make=bmw}, {colour=black, year=2010, registration=bw57bof, model=yaris t2, make=toyota}, {colour=white, year=2017, registration=kt17dlx, model=superb sportline tdi s-a, make=skoda}]
  &amp#27;[32mAnd &amp#27;[0m&amp#27;[32mthe vehicle data is obtained output file &amp#27;[0m&amp#27;[32m&amp#27;[1m"car_output1.txt"&amp#27;[0m                                                                    &amp#27;[90m# com.techTest.steps.CarCheckStepdefs.theVehicleIdentitiesAreVerifiedAgainstOutPutFile(java.lang.String)&amp#27;[0m
  &amp#27;[31mThen &amp#27;[0m&amp#27;[31mthe vehicle data from cartaxcheck is verified against outputfile&amp#27;[0m                                                             &amp#27;[90m# com.techTest.steps.CarCheckStepdefs.theVehicleDataFromCartaxcheckIsVerifiedAgainstOutputfile()&amp#27;[0m
      &amp#27;[31mjava.lang.AssertionError: No value present -- The registration BW57BOF found in output file but not found in the inputfile : 
	at org.junit.Assert.fail(Assert.java:89)
	at com.techTest.page.CarTaxCheckPage.runAssertionInputVsOutput(CarTaxCheckPage.java:101)
	at com.techTest.steps.CarCheckStepdefs.theVehicleDataFromCartaxcheckIsVerifiedAgainstOutputfile(CarCheckStepdefs.java:44)
	at âœ½.the vehicle data from cartaxcheck is verified against outputfile(file:///C:/Users/devadath.tabeti/techTest/src/test/resources/features/freeCarCheck.feature:16)
&amp#27;[0m
]]></system-out>
    <system-err><![CDATA[Starting ChromeDriver 107.0.5304.62 (1eec40d3a5764881c92085aaee66d25075c159aa-refs/branch-heads/5304@{#942}) on port 4273
Only local connections are allowed.
Please see https://chromedriver.chromium.org/security-considerations for suggestions on keeping ChromeDriver safe.
ChromeDriver was started successfully.
Nov 06, 2022 4:33:38 PM org.openqa.selenium.remote.ProtocolHandshake createSession
INFO: Detected dialect: W3C
]]></system-err>
  </testcase>
  <testcase name="Read input file for Car registrations, obtain information from cartaxcheck.com and verify against the output file #2" classname="Car check" time="28.247">
    <failure message="For registration BW57BOF from output file colour --  expected:&lt;[black]&gt; but was:&lt;[red]&gt;" type="org.junit.ComparisonFailure"><![CDATA[org.junit.ComparisonFailure: For registration BW57BOF from output file colour --  expected:<[black]> but was:<[red]>
]]></failure>
    <system-out><![CDATA[
Scenario Outline: Read input file for Car registrations, obtain information from cartaxcheck.com and verify against the output file &amp#27;[90m# src/test/resources/features/freeCarCheck.feature:20&amp#27;[0m
16:34:06.359 [pool-1-thread-1] INFO  i.c.core.plugin.SerenityReporter - Running feature from file:///C:/Users/devadath.tabeti/techTest/src/test/resources/features/freeCarCheck.feature
  &amp#27;[32mGiven &amp#27;[0m&amp#27;[32mthe input file &amp#27;[0m&amp#27;[32m&amp#27;[1m"car_input2.txt"&amp#27;[0m&amp#27;[32m contains car registrations&amp#27;[0m                                                                  &amp#27;[90m# com.techTest.steps.CarCheckStepdefs.theInputFileContainCarRegistrations(java.lang.String)&amp#27;[0m
16:34:06.369 [pool-1-thread-1] INFO  n.s.c.w.d.ChromeDriverProvider - Using automatically driver download
16:34:06.384 [pool-1-thread-1] INFO  i.g.bonigarcia.wdm.WebDriverManager - Using chromedriver 107.0.5304.62 (resolved driver for Chrome 107)
16:34:06.391 [pool-1-thread-1] INFO  i.g.bonigarcia.wdm.WebDriverManager - Exporting webdriver.chrome.driver as C:\Users\devadath.tabeti\.cache\selenium\chromedriver\win32\107.0.5304.62\chromedriver.exe
16:34:06.598 [pool-1-thread-1] INFO  n.s.c.w.d.ProvideNewDriver - Instantiating driver
16:34:06.598 [pool-1-thread-1] INFO  n.s.c.w.d.ProvideNewDriver - Driver capabilities: Capabilities {acceptInsecureCerts: false, browserName: chrome, chrome.switches: --no-sandbox,--disable-dev-..., goog:chromeOptions: {args: [--no-sandbox, --disable-dev-shm-usage, --start-maximized], extensions: []}, loggingPrefs: org.openqa.selenium.logging...}
********* data from search [{colour=black, year=2009, registered=15 jun 2009, registration=dn09hrm, model=320d se, v5c issue date=13 jul 2022, make=bmw}, {colour=red, year=2008, registered=18 feb 2008, registration=bw57bof, model=yaris t2, v5c issue date=29 jul 2022, make=toyota}, {colour=white, year=2017, registered=20 jul 2017, registration=kt17dlx, model=superb sportline tdi s-a, v5c issue date=04 jan 2018, make=skoda}, {colour=white, year=2018, registered=19 mar 2018, registration=sg18htn, model=golf se navigation tsi evo, v5c issue date=23 sep 2021, make=volkswagen}]
  &amp#27;[32mWhen &amp#27;[0m&amp#27;[32mthe vehicle identities data are obtained from cartaxcheck&amp#27;[0m                                                                    &amp#27;[90m# com.techTest.steps.CarCheckStepdefs.theVehicleIdentitiesAreObtainedFromCarTaxCheck()&amp#27;[0m
********* data from output file [{colour=white, year=2018, registration=sg18htn, model=golf se navigation tsi evo, make=volkswagen}, {colour=black, year=2009, registration=dn09hrm, model=320d se, make=bmw}, {colour=black, year=2010, registration=bw57bof, model=yaris t2, make=toyota}, {colour=white, year=2017, registration=kt17dlx, model=superb sportline tdi s-a, make=skoda}]
  &amp#27;[32mAnd &amp#27;[0m&amp#27;[32mthe vehicle data is obtained output file &amp#27;[0m&amp#27;[32m&amp#27;[1m"car_output1.txt"&amp#27;[0m                                                                    &amp#27;[90m# com.techTest.steps.CarCheckStepdefs.theVehicleIdentitiesAreVerifiedAgainstOutPutFile(java.lang.String)&amp#27;[0m
  &amp#27;[31mThen &amp#27;[0m&amp#27;[31mthe vehicle data from cartaxcheck is verified against outputfile&amp#27;[0m                                                             &amp#27;[90m# com.techTest.steps.CarCheckStepdefs.theVehicleDataFromCartaxcheckIsVerifiedAgainstOutputfile()&amp#27;[0m
      &amp#27;[31morg.junit.ComparisonFailure: For registration BW57BOF from output file colour --  expected:<[black]> but was:<[red]>
	at org.junit.Assert.assertEquals(Assert.java:117)
	at com.techTest.page.CarTaxCheckPage.runAssertionInputVsOutput(CarTaxCheckPage.java:98)
	at com.techTest.steps.CarCheckStepdefs.theVehicleDataFromCartaxcheckIsVerifiedAgainstOutputfile(CarCheckStepdefs.java:44)
	at âœ½.the vehicle data from cartaxcheck is verified against outputfile(file:///C:/Users/devadath.tabeti/techTest/src/test/resources/features/freeCarCheck.feature:16)
&amp#27;[0m
]]></system-out>
    <system-err><![CDATA[Starting ChromeDriver 107.0.5304.62 (1eec40d3a5764881c92085aaee66d25075c159aa-refs/branch-heads/5304@{#942}) on port 48271
Only local connections are allowed.
Please see https://chromedriver.chromium.org/security-considerations for suggestions on keeping ChromeDriver safe.
ChromeDriver was started successfully.
Nov 06, 2022 4:34:07 PM org.openqa.selenium.remote.ProtocolHandshake createSession
INFO: Detected dialect: W3C
]]></system-err>
  </testcase>
  <testcase name="Read input file for Car registrations, obtain information from cartaxcheck.com and verify against the output file #3" classname="Car check" time="28.935"/>
</testsuite>