<?xml version="1.0" encoding="UTF-8"?><testsuite errors="0" failures="3" name="Car check" skipped="0" tests="4" time="125.74" timestamp="2022-11-06 04:32:57"><testcase name="Read input file for Car registrations, obtain results from cartaxcheck.com"><failure message="The search for registration number BW57BOW from inputfile found no results " type="java.lang.AssertionError">The search for registration number BW57BOW from inputfile found no results </failure><system-err>The search for registration number BW57BOW from inputfile found no results &#13;
com.techTest.page.CarTaxCheckPage.lambda$runAssertionForRegistrationSearchResults$1(CarTaxCheckPage.java:73)&#13;
com.techTest.page.CarTaxCheckPage.runAssertionForRegistrationSearchResults(CarTaxCheckPage.java:73)&#13;
com.techTest.steps.CarCheckStepdefs.verifyThatSearchForAllRegistrationsFromInputFileFoundVehicleData(CarCheckStepdefs.java:35)&#13;
✽.verify that search for all registrations from input file found vehicle data(file:///C:/Users/devadath.tabeti/techTest/src/test/resources/features/freeCarCheck.feature:6)&#13;
</system-err></testcase><testcase name="Read input file for Car registrations, obtain information from cartaxcheck.com and verify against the output file"><failure message="No value present -- The registration BW57BOF found in output file but not found in the inputfile : " type="java.lang.AssertionError">No value present -- The registration BW57BOF found in output file but not found in the inputfile : </failure><system-err>No value present -- The registration BW57BOF found in output file but not found in the inputfile : &#13;
com.techTest.page.CarTaxCheckPage.runAssertionInputVsOutput(CarTaxCheckPage.java:101)&#13;
com.techTest.steps.CarCheckStepdefs.theVehicleDataFromCartaxcheckIsVerifiedAgainstOutputfile(CarCheckStepdefs.java:44)&#13;
✽.the vehicle data from cartaxcheck is verified against outputfile(file:///C:/Users/devadath.tabeti/techTest/src/test/resources/features/freeCarCheck.feature:16)&#13;
</system-err></testcase></testsuite>